2025-02-05 10:28:10 - Booked 2 tickets - Amount: 200 INR
2025-02-05 10:28:19 - Cancelled 2 tickets - Amount: 200 INR
2025-02-05 10:28:28 - Booked 2 tickets - Amount: 200 INR
2025-02-05 10:28:30 - Booked 2 tickets - Amount: 200 INR
2025-02-05 10:31:20 - Booked 2 tickets - Amount: 200 INR
2025-02-05 10:31:28 - Booked 2 tickets - Amount: 200 INR
2025-02-05 10:31:37 - Cancelled 2 tickets - Amount: 200 INR
2025-02-05 10:31:39 - Cancelled 2 tickets - Amount: 200 INR
2025-02-05 10:34:36 - Booked 1 tickets - Amount:? 100

2025-02-05 10:34:46 - Booked 1 tickets - Amount:? 100


2025-02-05 10:36:40 - Booked 1 tickets - Amount: 100INR


2025-02-05 10:36:44 - Booked 1 tickets - Amount: 100INR


2025-02-05 10:36:50 - Cancelled 1 tickets - Amount: 100INR


2025-02-05 10:37:44 - Booked 1 tickets - Amount: 100 INR

2025-02-05 10:37:47 - Booked 1 tickets - Amount: 100 INR

2025-02-05 10:37:50 - Cancelled 1 tickets - Amount: 100 INR

2025-02-05 10:37:52 - Cancelled 1 tickets - Amount: 100 INR

2025-02-05 10:41:23 - Booked 2 tickets - Amount: 200 INR

2025-02-05 10:43:17 - Cancelled 2 tickets - Amount: 200 INR

2025-02-06 18:08:39 - Booked 2 tickets - Amount: 200 INR

2025-02-06 18:08:47 - Cancelled 1 tickets - Amount: 100 INR

2025-02-06 18:10:17 - PNR Number: 9bbdd774 - Booked 5 tickets - Amount: 1375 INR
2025-02-06 18:13:14 - PNR Number: e82a1896 - Booked 1 tickets - Amount: 275 INR
2025-02-06 18:15:00 - PNR Number: PN10000 - Booked 1 tickets - Amount: 275 INR

2025-02-06 18:21:55 - PNR Number: aaae0a00 - Booked 10 tickets - Amount: 2750 INR
2025-02-06 18:26:13 - PNR: MJ07QE - Booked 5 tickets to Chennai - Amount: 3250 INR
2025-02-06 18:28:09 - PNR: XWQ7QN - Booked 5 tickets to Delhi - Amount: 1500 INR
2025-02-06 18:31:11 - PNR: JMLYYE - Booked 5 tickets to Delhi - Amount: 1500 INR
2025-02-06 18:31:18 - PNR: KTWRLJ - Booked 7 tickets to Chennai - Amount: 4550 INR
2025-02-06 18:33:21 - PNR: ZYO9XS - Booked 5 tickets to Delhi - Amount: 1500 INR
2025-02-06 18:33:43 - PNR: ZYO9XS - Cancelled 1 tickets to Delhi - Amount: 300 INR
2025-02-06 18:37:52 - PNR: T78SNX - Booked 5 tickets to Delhi - Amount: 1500 INR
2025-02-06 18:38:04 - PNR: T78SNX - Cancelled 2 tickets to Delhi - Amount: 600 INR
2025-02-06 18:38:10 - PNR: T78SNX - Cancelled 1 tickets to Delhi - Amount: 300 INR
2025-02-06 18:38:31 - PNR: 199SPC - Booked 5 tickets to Bangalore - Amount: 3500 INR
2025-02-06 18:38:50 - PNR: 199SPC - Cancelled 5 tickets to Bangalore - Amount: 3500 INR
2025-02-09 22:20:50 - PNR: YB8X7E - Booked 10 tickets to Delhi - Amount: 3000 INR
2025-02-14 11:28:44 - PNR: M0UDEN - Booked 5 tickets to Delhi - Amount: 1500 INR
